  [1m[35m (1.2ms)[0m  [1m[34mSELECT sqlite_version(*)[0m
  [1m[35m (0.6ms)[0m  [1m[35mCREATE TABLE "schema_migrations" ("version" varchar NOT NULL PRIMARY KEY)[0m
  [1m[35m (0.4ms)[0m  [1m[35mCREATE TABLE "ar_internal_metadata" ("key" varchar NOT NULL PRIMARY KEY, "value" varchar, "created_at" datetime(6) NOT NULL, "updated_at" datetime(6) NOT NULL)[0m
  [1m[35m (0.1ms)[0m  [1m[34mSELECT "schema_migrations"."version" FROM "schema_migrations" ORDER BY "schema_migrations"."version" ASC[0m
Migrating to CreatePosts (20221007155020)
  [1m[36mTRANSACTION (0.0ms)[0m  [1m[36mbegin transaction[0m
  [1m[35m (0.2ms)[0m  [1m[35mCREATE TABLE "posts" ("id" integer PRIMARY KEY AUTOINCREMENT NOT NULL, "starting_date" datetime, "ending_date" datetime, "is_all_day" boolean, "title" varchar, "created_at" datetime(6) NOT NULL, "updated_at" datetime(6) NOT NULL)[0m
  [1m[36mActiveRecord::SchemaMigration Create (0.1ms)[0m  [1m[32mINSERT INTO "schema_migrations" ("version") VALUES (?)[0m  [["version", "20221007155020"]]
  [1m[36mTRANSACTION (0.5ms)[0m  [1m[36mcommit transaction[0m
Migrating to Createposts (20221012132155)
  [1m[36mTRANSACTION (0.0ms)[0m  [1m[36mbegin transaction[0m
  [1m[35m (4.0ms)[0m  [1m[35mALTER TABLE "posts" ADD "memo" text[0m
  [1m[36mActiveRecord::SchemaMigration Create (0.1ms)[0m  [1m[32mINSERT INTO "schema_migrations" ("version") VALUES (?)[0m  [["version", "20221012132155"]]
  [1m[36mTRANSACTION (0.3ms)[0m  [1m[36mcommit transaction[0m
  [1m[36mActiveRecord::InternalMetadata Load (0.0ms)[0m  [1m[34mSELECT "ar_internal_metadata".* FROM "ar_internal_metadata" WHERE "ar_internal_metadata"."key" = ? LIMIT ?[0m  [["key", "environment"], ["LIMIT", 1]]
  [1m[36mTRANSACTION (0.0ms)[0m  [1m[36mbegin transaction[0m
  [1m[36mActiveRecord::InternalMetadata Create (0.2ms)[0m  [1m[32mINSERT INTO "ar_internal_metadata" ("key", "value", "created_at", "updated_at") VALUES (?, ?, ?, ?)[0m  [["key", "environment"], ["value", "development"], ["created_at", "2022-10-28 02:41:27.544480"], ["updated_at", "2022-10-28 02:41:27.544480"]]
  [1m[36mTRANSACTION (0.3ms)[0m  [1m[36mcommit transaction[0m
  [1m[35m (0.0ms)[0m  [1m[34mSELECT sqlite_version(*)[0m
  [1m[35m (0.1ms)[0m  [1m[34mSELECT "schema_migrations"."version" FROM "schema_migrations" ORDER BY "schema_migrations"."version" ASC[0m
Started GET "/" for ::1 at 2022-10-28 02:41:58 +0900
  [1m[35m (0.3ms)[0m  [1m[34mSELECT sqlite_version(*)[0m
  [1m[35m (0.1ms)[0m  [1m[34mSELECT "schema_migrations"."version" FROM "schema_migrations" ORDER BY "schema_migrations"."version" ASC[0m
Processing by Rails::WelcomeController#index as HTML
  Rendering /Users/honami/.rbenv/versions/2.7.6/lib/ruby/gems/2.7.0/gems/railties-6.1.7/lib/rails/templates/rails/welcome/index.html.erb
  Rendered /Users/honami/.rbenv/versions/2.7.6/lib/ruby/gems/2.7.0/gems/railties-6.1.7/lib/rails/templates/rails/welcome/index.html.erb (Duration: 5.3ms | Allocations: 449)
Completed 200 OK in 18ms (Views: 7.8ms | ActiveRecord: 0.0ms | Allocations: 6267)


Started GET "/posts" for ::1 at 2022-10-28 02:42:03 +0900
Processing by PostsController#index as HTML
  Rendering layout layouts/application.html.erb
  Rendering posts/index.html.erb within layouts/application
  [1m[36mPost Load (0.5ms)[0m  [1m[34mSELECT "posts".* FROM "posts"[0m
  ↳ app/views/posts/index.html.erb:25
  Rendered posts/index.html.erb within layouts/application (Duration: 4.7ms | Allocations: 1190)
[Webpacker] Compiling...
[Webpacker] Compiled all packs in /Users/honami/Desktop/sample1/myap/public/packs
[Webpacker] Hash: 0fe7dcd9d8f9ebcf52de
Version: webpack 4.46.0
Time: 545ms
Built at: 2022/10/28 2:42:05
                                     Asset       Size       Chunks                         Chunk Names
    js/application-2e212f7c8f867558ac6e.js    121 KiB  application  [emitted] [immutable]  application
js/application-2e212f7c8f867558ac6e.js.map    136 KiB  application  [emitted] [dev]        application
                             manifest.json  364 bytes               [emitted]              
Entrypoint application = js/application-2e212f7c8f867558ac6e.js js/application-2e212f7c8f867558ac6e.js.map
[./app/javascript/channels sync recursive _channel\.js$] ./app/javascript/channels sync _channel\.js$ 160 bytes {application} [built]
[./app/javascript/channels/index.js] 211 bytes {application} [built]
[./app/javascript/packs/application.js] 492 bytes {application} [built]
    + 3 hidden modules

  [1m[35m (0.0ms)[0m  [1m[34mSELECT COUNT("posts"."title") FROM "posts"[0m
  ↳ app/views/layouts/application.html.erb:18
  Rendered layout layouts/application.html.erb (Duration: 1473.7ms | Allocations: 19473)
Completed 200 OK in 1488ms (Views: 1474.8ms | ActiveRecord: 0.8ms | Allocations: 23674)


Started GET "/posts/new" for ::1 at 2022-10-28 02:42:06 +0900
Processing by PostsController#new as HTML
  Rendering layout layouts/application.html.erb
  Rendering posts/new.html.erb within layouts/application
  Rendered shared/_error.html.erb (Duration: 1.3ms | Allocations: 183)
  Rendered posts/new.html.erb within layouts/application (Duration: 19.7ms | Allocations: 3292)
[Webpacker] Everything's up-to-date. Nothing to do
  [1m[35m (0.1ms)[0m  [1m[34mSELECT COUNT("posts"."title") FROM "posts"[0m
  ↳ app/views/layouts/application.html.erb:18
  Rendered layout layouts/application.html.erb (Duration: 27.9ms | Allocations: 7539)
Completed 200 OK in 41ms (Views: 28.7ms | ActiveRecord: 0.7ms | Allocations: 12237)


Started POST "/posts" for ::1 at 2022-10-28 02:42:23 +0900
Processing by PostsController#create as HTML
  Parameters: {"authenticity_token"=>"[FILTERED]", "post"=>{"title"=>"aiueo", "starting_date"=>"2022-10-28", "ending_date"=>"2022-10-27", "is_all_day"=>"true", "memo"=>"i"}, "commit"=>"スケジュールを新規登録する"}
  Rendering layout layouts/application.html.erb
  Rendering posts/new.html.erb within layouts/application
  Rendered shared/_error.html.erb (Duration: 26.9ms | Allocations: 2694)
  Rendered posts/new.html.erb within layouts/application (Duration: 29.1ms | Allocations: 3750)
[Webpacker] Everything's up-to-date. Nothing to do
  [1m[35m (0.1ms)[0m  [1m[34mSELECT COUNT("posts"."title") FROM "posts"[0m
  ↳ app/views/layouts/application.html.erb:18
  Rendered layout layouts/application.html.erb (Duration: 50.8ms | Allocations: 7906)
Completed 200 OK in 56ms (Views: 51.3ms | ActiveRecord: 0.1ms | Allocations: 9176)


Started POST "/posts" for ::1 at 2022-10-28 02:42:27 +0900
Processing by PostsController#create as HTML
  Parameters: {"authenticity_token"=>"[FILTERED]", "post"=>{"title"=>"aiueo", "starting_date"=>"2022-10-28", "ending_date"=>"2022-10-28", "is_all_day"=>"true", "memo"=>"i"}, "commit"=>"スケジュールを新規登録する"}
  Rendering layout layouts/application.html.erb
  Rendering posts/new.html.erb within layouts/application
  Rendered shared/_error.html.erb (Duration: 0.5ms | Allocations: 181)
  Rendered posts/new.html.erb within layouts/application (Duration: 3.2ms | Allocations: 1234)
[Webpacker] Everything's up-to-date. Nothing to do
  [1m[35m (0.3ms)[0m  [1m[34mSELECT COUNT("posts"."title") FROM "posts"[0m
  ↳ app/views/layouts/application.html.erb:18
  Rendered layout layouts/application.html.erb (Duration: 16.1ms | Allocations: 5397)
Completed 200 OK in 20ms (Views: 16.6ms | ActiveRecord: 0.3ms | Allocations: 6482)


Started POST "/posts" for ::1 at 2022-10-28 02:42:31 +0900
Processing by PostsController#create as HTML
  Parameters: {"authenticity_token"=>"[FILTERED]", "post"=>{"title"=>"aiueo", "starting_date"=>"2022-10-28", "ending_date"=>"2022-10-28", "is_all_day"=>"true", "memo"=>"i"}, "commit"=>"スケジュールを新規登録する"}
  Rendering layout layouts/application.html.erb
  Rendering posts/new.html.erb within layouts/application
  Rendered shared/_error.html.erb (Duration: 0.7ms | Allocations: 180)
  Rendered posts/new.html.erb within layouts/application (Duration: 3.0ms | Allocations: 1233)
[Webpacker] Everything's up-to-date. Nothing to do
  [1m[35m (0.2ms)[0m  [1m[34mSELECT COUNT("posts"."title") FROM "posts"[0m
  ↳ app/views/layouts/application.html.erb:18
  Rendered layout layouts/application.html.erb (Duration: 15.3ms | Allocations: 5378)
Completed 200 OK in 19ms (Views: 16.3ms | ActiveRecord: 0.2ms | Allocations: 6453)


Started POST "/posts" for ::1 at 2022-10-28 02:42:43 +0900
Processing by PostsController#create as HTML
  Parameters: {"authenticity_token"=>"[FILTERED]", "post"=>{"title"=>"aiueo", "starting_date"=>"2022-10-28", "ending_date"=>"2022-10-28", "is_all_day"=>"true", "memo"=>"i"}, "commit"=>"スケジュールを新規登録する"}
  Rendering layout layouts/application.html.erb
  Rendering posts/new.html.erb within layouts/application
  Rendered shared/_error.html.erb (Duration: 0.6ms | Allocations: 180)
  Rendered posts/new.html.erb within layouts/application (Duration: 3.2ms | Allocations: 1233)
[Webpacker] Everything's up-to-date. Nothing to do
  [1m[35m (0.2ms)[0m  [1m[34mSELECT COUNT("posts"."title") FROM "posts"[0m
  ↳ app/views/layouts/application.html.erb:18
  Rendered layout layouts/application.html.erb (Duration: 21.1ms | Allocations: 5378)
Completed 200 OK in 25ms (Views: 22.3ms | ActiveRecord: 0.2ms | Allocations: 6449)


Started POST "/posts" for ::1 at 2022-10-28 02:42:46 +0900
Processing by PostsController#create as HTML
  Parameters: {"authenticity_token"=>"[FILTERED]", "post"=>{"title"=>"aiueo", "starting_date"=>"2022-10-28", "ending_date"=>"2022-10-29", "is_all_day"=>"true", "memo"=>"i"}, "commit"=>"スケジュールを新規登録する"}
  [1m[36mTRANSACTION (0.1ms)[0m  [1m[36mbegin transaction[0m
  ↳ app/controllers/posts_controller.rb:12:in `create'
  [1m[36mPost Create (1.2ms)[0m  [1m[32mINSERT INTO "posts" ("starting_date", "ending_date", "is_all_day", "title", "created_at", "updated_at", "memo") VALUES (?, ?, ?, ?, ?, ?, ?)[0m  [["starting_date", "2022-10-28 00:00:00"], ["ending_date", "2022-10-29 00:00:00"], ["is_all_day", 1], ["title", "aiueo"], ["created_at", "2022-10-28 02:42:46.817857"], ["updated_at", "2022-10-28 02:42:46.817857"], ["memo", "i"]]
  ↳ app/controllers/posts_controller.rb:12:in `create'
  [1m[36mTRANSACTION (1.2ms)[0m  [1m[36mcommit transaction[0m
  ↳ app/controllers/posts_controller.rb:12:in `create'
Redirected to http://localhost:3000/posts
Completed 302 Found in 13ms (ActiveRecord: 2.6ms | Allocations: 2598)


Started GET "/posts" for ::1 at 2022-10-28 02:42:46 +0900
Processing by PostsController#index as HTML
  Rendering layout layouts/application.html.erb
  Rendering posts/index.html.erb within layouts/application
  [1m[36mPost Load (0.3ms)[0m  [1m[34mSELECT "posts".* FROM "posts"[0m
  ↳ app/views/posts/index.html.erb:25
  Rendered posts/index.html.erb within layouts/application (Duration: 16.8ms | Allocations: 3551)
[Webpacker] Everything's up-to-date. Nothing to do
  [1m[35m (0.1ms)[0m  [1m[34mSELECT COUNT("posts"."title") FROM "posts"[0m
  ↳ app/views/layouts/application.html.erb:18
  Rendered layout layouts/application.html.erb (Duration: 24.1ms | Allocations: 7681)
Completed 200 OK in 26ms (Views: 24.2ms | ActiveRecord: 0.4ms | Allocations: 8076)


Started GET "/posts/1" for ::1 at 2022-10-28 02:49:26 +0900
Processing by PostsController#show as HTML
  Parameters: {"id"=>"1"}
  [1m[35m (0.1ms)[0m  [1m[34mSELECT sqlite_version(*)[0m
  ↳ app/controllers/posts_controller.rb:21:in `show'
  [1m[36mPost Load (0.4ms)[0m  [1m[34mSELECT "posts".* FROM "posts" WHERE "posts"."id" = ? LIMIT ?[0m  [["id", 1], ["LIMIT", 1]]
  ↳ app/controllers/posts_controller.rb:21:in `show'
  Rendering layout layouts/application.html.erb
  Rendering posts/show.html.erb within layouts/application
  Rendered posts/show.html.erb within layouts/application (Duration: 1.8ms | Allocations: 480)
[Webpacker] Everything's up-to-date. Nothing to do
  [1m[35m (0.1ms)[0m  [1m[34mSELECT COUNT("posts"."title") FROM "posts"[0m
  ↳ app/views/layouts/application.html.erb:18
  Rendered layout layouts/application.html.erb (Duration: 14.6ms | Allocations: 4647)
Completed 200 OK in 65ms (Views: 15.5ms | ActiveRecord: 0.8ms | Allocations: 8665)


Started GET "/posts/new" for ::1 at 2022-10-28 02:49:31 +0900
Processing by PostsController#new as HTML
  Rendering layout layouts/application.html.erb
  Rendering posts/new.html.erb within layouts/application
  Rendered shared/_error.html.erb (Duration: 0.1ms | Allocations: 42)
  Rendered posts/new.html.erb within layouts/application (Duration: 5.9ms | Allocations: 1061)
[Webpacker] Everything's up-to-date. Nothing to do
  [1m[35m (0.2ms)[0m  [1m[34mSELECT COUNT("posts"."title") FROM "posts"[0m
  ↳ app/views/layouts/application.html.erb:18
  Rendered layout layouts/application.html.erb (Duration: 35.8ms | Allocations: 5879)
Completed 200 OK in 43ms (Views: 41.0ms | ActiveRecord: 0.2ms | Allocations: 6272)


Started POST "/posts" for ::1 at 2022-10-28 02:49:36 +0900
Processing by PostsController#create as HTML
  Parameters: {"authenticity_token"=>"[FILTERED]", "post"=>{"title"=>"", "starting_date"=>"2022-10-28", "ending_date"=>"2022-10-28", "memo"=>""}, "commit"=>"スケジュールを新規登録する"}
  Rendering layout layouts/application.html.erb
  Rendering posts/new.html.erb within layouts/application
  Rendered shared/_error.html.erb (Duration: 1.9ms | Allocations: 180)
  Rendered posts/new.html.erb within layouts/application (Duration: 6.2ms | Allocations: 1232)
[Webpacker] Everything's up-to-date. Nothing to do
  [1m[35m (0.2ms)[0m  [1m[34mSELECT COUNT("posts"."title") FROM "posts"[0m
  ↳ app/views/layouts/application.html.erb:18
  Rendered layout layouts/application.html.erb (Duration: 23.0ms | Allocations: 5376)
Completed 200 OK in 27ms (Views: 23.5ms | ActiveRecord: 0.2ms | Allocations: 6465)


Started GET "/posts/new" for ::1 at 2022-10-28 02:49:46 +0900
Processing by PostsController#new as HTML
  Rendering layout layouts/application.html.erb
  Rendering posts/new.html.erb within layouts/application
  Rendered shared/_error.html.erb (Duration: 0.1ms | Allocations: 42)
  Rendered posts/new.html.erb within layouts/application (Duration: 3.3ms | Allocations: 1039)
[Webpacker] Everything's up-to-date. Nothing to do
  [1m[35m (0.2ms)[0m  [1m[34mSELECT COUNT("posts"."title") FROM "posts"[0m
  ↳ app/views/layouts/application.html.erb:18
  Rendered layout layouts/application.html.erb (Duration: 25.0ms | Allocations: 5263)
Completed 200 OK in 26ms (Views: 25.3ms | ActiveRecord: 0.2ms | Allocations: 5653)


